<?xml version="1.0" encoding="UTF-8"?>
<testng-results ignored="0" total="3" passed="2" failed="1" skipped="0">
  <reporter-output>
  </reporter-output>
  <suite started-at="2021-07-06T01:48:15Z" name="CriblAssignmentTestSuite" finished-at="2021-07-06T01:48:15Z" duration-ms="21">
    <groups>
    </groups>
    <test started-at="2021-07-06T01:48:15Z" name="SystemTest" finished-at="2021-07-06T01:48:15Z" duration-ms="21">
      <class name="cribl.assignment.test.TargetFileValidationTests">
        <test-method is-config="true" signature="verifyTargetFilePresent()[pri:0, instance:cribl.assignment.test.TargetFileValidationTests@5ef5c734]" started-at="2021-07-06T01:48:15Z" name="verifyTargetFilePresent" finished-at="2021-07-06T01:48:15Z" duration-ms="6" status="PASS">
          <reporter-output>
          </reporter-output>
        </test-method> <!-- verifyTargetFilePresent -->
        <test-method signature="verifyFileDataInputOutput()[pri:0, instance:cribl.assignment.test.TargetFileValidationTests@5ef5c734]" started-at="2021-07-06T01:48:15Z" name="verifyFileDataInputOutput" description="Verify File Data Input/Output Match " finished-at="2021-07-06T01:48:15Z" duration-ms="11" status="PASS">
          <reporter-output>
          </reporter-output>
        </test-method> <!-- verifyFileDataInputOutput -->
        <test-method signature="verifyFileSplittingRangesTarget1()[pri:0, instance:cribl.assignment.test.TargetFileValidationTests@5ef5c734]" started-at="2021-07-06T01:48:15Z" name="verifyFileSplittingRangesTarget1" description="Verify Random Splitting Ranges " finished-at="2021-07-06T01:48:15Z" duration-ms="1" status="FAIL">
          <exception class="java.lang.AssertionError">
            <message>
              <![CDATA[expected [true] but found [false]]]>
            </message>
            <full-stacktrace>
              <![CDATA[java.lang.AssertionError: expected [true] but found [false]
at org.testng.Assert.fail(Assert.java:96)
at org.testng.Assert.failNotEquals(Assert.java:776)
at org.testng.Assert.assertTrue(Assert.java:44)
at org.testng.Assert.assertTrue(Assert.java:54)
at cribl.assignment.test.TargetFileValidationTests.verifyFileSplittingRangesTarget1(TargetFileValidationTests.java:69)
at java.base/jdk.internal.reflect.NativeMethodAccessorImpl.invoke0(Native Method)
at java.base/jdk.internal.reflect.NativeMethodAccessorImpl.invoke(NativeMethodAccessorImpl.java:62)
at java.base/jdk.internal.reflect.DelegatingMethodAccessorImpl.invoke(DelegatingMethodAccessorImpl.java:43)
at java.base/java.lang.reflect.Method.invoke(Method.java:566)
at org.testng.internal.MethodInvocationHelper.invokeMethod(MethodInvocationHelper.java:124)
at org.testng.internal.Invoker.invokeMethod(Invoker.java:583)
at org.testng.internal.Invoker.invokeTestMethod(Invoker.java:719)
at org.testng.internal.Invoker.invokeTestMethods(Invoker.java:989)
at org.testng.internal.TestMethodWorker.invokeTestMethods(TestMethodWorker.java:125)
at org.testng.internal.TestMethodWorker.run(TestMethodWorker.java:109)
at org.testng.TestRunner.privateRun(TestRunner.java:648)
at org.testng.TestRunner.run(TestRunner.java:505)
at org.testng.SuiteRunner.runTest(SuiteRunner.java:455)
at org.testng.SuiteRunner.runSequentially(SuiteRunner.java:450)
at org.testng.SuiteRunner.privateRun(SuiteRunner.java:415)
at org.testng.SuiteRunner.run(SuiteRunner.java:364)
at org.testng.SuiteRunnerWorker.runSuite(SuiteRunnerWorker.java:52)
at org.testng.SuiteRunnerWorker.run(SuiteRunnerWorker.java:84)
at org.testng.TestNG.runSuitesSequentially(TestNG.java:1208)
at org.testng.TestNG.runSuitesLocally(TestNG.java:1137)
at org.testng.TestNG.runSuites(TestNG.java:1049)
at org.testng.TestNG.run(TestNG.java:1017)
at org.testng.TestNG.privateMain(TestNG.java:1354)
at org.testng.TestNG.main(TestNG.java:1323)
]]>
            </full-stacktrace>
          </exception> <!-- java.lang.AssertionError -->
          <reporter-output>
          </reporter-output>
        </test-method> <!-- verifyFileSplittingRangesTarget1 -->
        <test-method signature="verifyTotalFileCount()[pri:0, instance:cribl.assignment.test.TargetFileValidationTests@5ef5c734]" started-at="2021-07-06T01:48:15Z" name="verifyTotalFileCount" description="Verify file count for both Target " finished-at="2021-07-06T01:48:15Z" duration-ms="1" status="PASS">
          <reporter-output>
          </reporter-output>
        </test-method> <!-- verifyTotalFileCount -->
      </class> <!-- cribl.assignment.test.TargetFileValidationTests -->
    </test> <!-- SystemTest -->
  </suite> <!-- CriblAssignmentTestSuite -->
</testng-results>
