<?xml version="1.0" encoding="UTF-8"?>
<!-- Generated by org.testng.reporters.JUnitXMLReporter -->
<testsuite ignored="0" hostname="skhatri-mbp.local" failures="1" tests="3" name="SystemTest" time="0.021" errors="0" timestamp="06 Jul 2021 01:48:15 GMT">
  <testcase classname="cribl.assignment.test.TargetFileValidationTests" name="verifyFileDataInputOutput" time="0.011"/>
  <testcase classname="cribl.assignment.test.TargetFileValidationTests" name="verifyFileSplittingRangesTarget1" time="0.001">
    <failure type="java.lang.AssertionError" message="expected [true] but found [false]">
      <![CDATA[java.lang.AssertionError: expected [true] but found [false]
at cribl.assignment.test.TargetFileValidationTests.verifyFileSplittingRangesTarget1(TargetFileValidationTests.java:69)
... Removed 28 stack frames]]>
    </failure>
  </testcase> <!-- verifyFileSplittingRangesTarget1 -->
  <testcase classname="cribl.assignment.test.TargetFileValidationTests" name="verifyTotalFileCount" time="0.001"/>
</testsuite> <!-- SystemTest -->
